{"nbformat":4,"nbformat_minor":0,"metadata":{"colab":{"provenance":[],"authorship_tag":"ABX9TyOhL3hkVKFgxUgTDPIX/heJ"},"kernelspec":{"name":"python3","display_name":"Python 3"},"language_info":{"name":"python"}},"cells":[{"cell_type":"code","execution_count":1,"metadata":{"id":"Xx1pIW998Fv-","executionInfo":{"status":"ok","timestamp":1674767928891,"user_tz":300,"elapsed":1147,"user":{"displayName":"Frank Yezid Zapata Castaño","userId":"07198202338059817554"}}},"outputs":[],"source":["#@title Librerias utilizadas\n","# manipulación y carga de datos\n","import pandas as pd\n","import numpy as np\n","import scipy.io as sio\n","# visualización \n","import matplotlib.pyplot as plt\n","import seaborn as sns\n","# conexión con google\n","from google.colab import files, drive, auth\n","from google.auth import default\n","# Manejo de carpetas o sistema operativo\n","import os\n","# Carga de archivos gsheet\n","import gspread as gs"]},{"cell_type":"code","source":["# authorization in drive\n","auth.authenticate_user() # cargamos autorización para cargar o manipular archivos del drive\n","creds, __ = default()    # cargamos credenciales\n","gc = gs.authorize(creds) # autoriza el ingreso a la credencia id suministrada"],"metadata":{"id":"JbaUTx7f8Ge2","executionInfo":{"status":"ok","timestamp":1674767947631,"user_tz":300,"elapsed":18749,"user":{"displayName":"Frank Yezid Zapata Castaño","userId":"07198202338059817554"}}},"execution_count":2,"outputs":[]},{"cell_type":"code","source":["# path\n","# File Data_SIMYO_servicio_al_cliente_meses\n","sheet_id = \"110ULOVyZiEZK4RXJVaLaLrm6UB3Bx0k3jdYv3YN3rVw\" # serial de activación según la tarea.\n","worksheet_name = \"Hoja 1\" # nombre de la hoja o la pestaña trabajada"],"metadata":{"id":"LKN3ll_m8Lm1","executionInfo":{"status":"ok","timestamp":1674769118072,"user_tz":300,"elapsed":1,"user":{"displayName":"Frank Yezid Zapata Castaño","userId":"07198202338059817554"}}},"execution_count":40,"outputs":[]},{"cell_type":"code","source":["sh = gc.open_by_key(sheet_id) # activar el sistema con la información de la \n","sh.worksheets()               # nombre de las diferentes hojas o pestañas disponibles.\n","worksheet = sh.worksheet(worksheet_name)\n","# worksheet.get_all_records()"],"metadata":{"id":"rWiUtzyD8NSD","executionInfo":{"status":"ok","timestamp":1674769119750,"user_tz":300,"elapsed":1068,"user":{"displayName":"Frank Yezid Zapata Castaño","userId":"07198202338059817554"}}},"execution_count":41,"outputs":[]},{"cell_type":"code","source":["# Cargar por un dataframe, según la hoja seleccionada\n","df = pd.DataFrame(worksheet.get_all_records())"],"metadata":{"id":"stH2nvEH8PBF","executionInfo":{"status":"ok","timestamp":1674769120236,"user_tz":300,"elapsed":489,"user":{"displayName":"Frank Yezid Zapata Castaño","userId":"07198202338059817554"}}},"execution_count":42,"outputs":[]},{"cell_type":"code","source":["df.head(1)"],"metadata":{"colab":{"base_uri":"https://localhost:8080/","height":80},"id":"CaUZjMf7-P7p","executionInfo":{"status":"ok","timestamp":1674769122360,"user_tz":300,"elapsed":7,"user":{"displayName":"Frank Yezid Zapata Castaño","userId":"07198202338059817554"}},"outputId":"4cdad0b8-1ec7-4ed7-c30b-9ec4149387c6"},"execution_count":43,"outputs":[{"output_type":"execute_result","data":{"text/plain":["  Departamentos  Valores   Latitud   Longitud\n","0      AMAZONAS       29  -1,01971  -71,93833"],"text/html":["\n","  <div id=\"df-19eb6be9-f413-422b-8f82-18039af3d2f8\">\n","    <div class=\"colab-df-container\">\n","      <div>\n","<style scoped>\n","    .dataframe tbody tr th:only-of-type {\n","        vertical-align: middle;\n","    }\n","\n","    .dataframe tbody tr th {\n","        vertical-align: top;\n","    }\n","\n","    .dataframe thead th {\n","        text-align: right;\n","    }\n","</style>\n","<table border=\"1\" class=\"dataframe\">\n","  <thead>\n","    <tr style=\"text-align: right;\">\n","      <th></th>\n","      <th>Departamentos</th>\n","      <th>Valores</th>\n","      <th>Latitud</th>\n","      <th>Longitud</th>\n","    </tr>\n","  </thead>\n","  <tbody>\n","    <tr>\n","      <th>0</th>\n","      <td>AMAZONAS</td>\n","      <td>29</td>\n","      <td>-1,01971</td>\n","      <td>-71,93833</td>\n","    </tr>\n","  </tbody>\n","</table>\n","</div>\n","      <button class=\"colab-df-convert\" onclick=\"convertToInteractive('df-19eb6be9-f413-422b-8f82-18039af3d2f8')\"\n","              title=\"Convert this dataframe to an interactive table.\"\n","              style=\"display:none;\">\n","        \n","  <svg xmlns=\"http://www.w3.org/2000/svg\" height=\"24px\"viewBox=\"0 0 24 24\"\n","       width=\"24px\">\n","    <path d=\"M0 0h24v24H0V0z\" fill=\"none\"/>\n","    <path d=\"M18.56 5.44l.94 2.06.94-2.06 2.06-.94-2.06-.94-.94-2.06-.94 2.06-2.06.94zm-11 1L8.5 8.5l.94-2.06 2.06-.94-2.06-.94L8.5 2.5l-.94 2.06-2.06.94zm10 10l.94 2.06.94-2.06 2.06-.94-2.06-.94-.94-2.06-.94 2.06-2.06.94z\"/><path d=\"M17.41 7.96l-1.37-1.37c-.4-.4-.92-.59-1.43-.59-.52 0-1.04.2-1.43.59L10.3 9.45l-7.72 7.72c-.78.78-.78 2.05 0 2.83L4 21.41c.39.39.9.59 1.41.59.51 0 1.02-.2 1.41-.59l7.78-7.78 2.81-2.81c.8-.78.8-2.07 0-2.86zM5.41 20L4 18.59l7.72-7.72 1.47 1.35L5.41 20z\"/>\n","  </svg>\n","      </button>\n","      \n","  <style>\n","    .colab-df-container {\n","      display:flex;\n","      flex-wrap:wrap;\n","      gap: 12px;\n","    }\n","\n","    .colab-df-convert {\n","      background-color: #E8F0FE;\n","      border: none;\n","      border-radius: 50%;\n","      cursor: pointer;\n","      display: none;\n","      fill: #1967D2;\n","      height: 32px;\n","      padding: 0 0 0 0;\n","      width: 32px;\n","    }\n","\n","    .colab-df-convert:hover {\n","      background-color: #E2EBFA;\n","      box-shadow: 0px 1px 2px rgba(60, 64, 67, 0.3), 0px 1px 3px 1px rgba(60, 64, 67, 0.15);\n","      fill: #174EA6;\n","    }\n","\n","    [theme=dark] .colab-df-convert {\n","      background-color: #3B4455;\n","      fill: #D2E3FC;\n","    }\n","\n","    [theme=dark] .colab-df-convert:hover {\n","      background-color: #434B5C;\n","      box-shadow: 0px 1px 3px 1px rgba(0, 0, 0, 0.15);\n","      filter: drop-shadow(0px 1px 2px rgba(0, 0, 0, 0.3));\n","      fill: #FFFFFF;\n","    }\n","  </style>\n","\n","      <script>\n","        const buttonEl =\n","          document.querySelector('#df-19eb6be9-f413-422b-8f82-18039af3d2f8 button.colab-df-convert');\n","        buttonEl.style.display =\n","          google.colab.kernel.accessAllowed ? 'block' : 'none';\n","\n","        async function convertToInteractive(key) {\n","          const element = document.querySelector('#df-19eb6be9-f413-422b-8f82-18039af3d2f8');\n","          const dataTable =\n","            await google.colab.kernel.invokeFunction('convertToInteractive',\n","                                                     [key], {});\n","          if (!dataTable) return;\n","\n","          const docLinkHtml = 'Like what you see? Visit the ' +\n","            '<a target=\"_blank\" href=https://colab.research.google.com/notebooks/data_table.ipynb>data table notebook</a>'\n","            + ' to learn more about interactive tables.';\n","          element.innerHTML = '';\n","          dataTable['output_type'] = 'display_data';\n","          await google.colab.output.renderOutput(dataTable, element);\n","          const docLink = document.createElement('div');\n","          docLink.innerHTML = docLinkHtml;\n","          element.appendChild(docLink);\n","        }\n","      </script>\n","    </div>\n","  </div>\n","  "]},"metadata":{},"execution_count":43}]},{"cell_type":"code","source":["df['Departamentos'][0]"],"metadata":{"colab":{"base_uri":"https://localhost:8080/","height":35},"id":"3Qtb2pu-8maL","executionInfo":{"status":"ok","timestamp":1674769126070,"user_tz":300,"elapsed":4,"user":{"displayName":"Frank Yezid Zapata Castaño","userId":"07198202338059817554"}},"outputId":"80137880-3072-4495-91b1-093097c6c1c3"},"execution_count":44,"outputs":[{"output_type":"execute_result","data":{"text/plain":["'AMAZONAS'"],"application/vnd.google.colaboratory.intrinsic+json":{"type":"string"}},"metadata":{},"execution_count":44}]},{"cell_type":"code","source":["str(np.float(df.Longitud[i])-0.3460268000000042)"],"metadata":{"colab":{"base_uri":"https://localhost:8080/","height":238},"id":"v_-CtII5_33L","executionInfo":{"status":"error","timestamp":1674769164889,"user_tz":300,"elapsed":7,"user":{"displayName":"Frank Yezid Zapata Castaño","userId":"07198202338059817554"}},"outputId":"4e9d20a9-28d2-423a-ffa6-cae5aeccd8ea"},"execution_count":49,"outputs":[{"output_type":"stream","name":"stderr","text":["<ipython-input-49-cc1f6dc1d7d5>:1: DeprecationWarning: `np.float` is a deprecated alias for the builtin `float`. To silence this warning, use `float` by itself. Doing this will not modify any behavior and is safe. If you specifically wanted the numpy scalar type, use `np.float64` here.\n","Deprecated in NumPy 1.20; for more details and guidance: https://numpy.org/devdocs/release/1.20.0-notes.html#deprecations\n","  str(np.float(df.Longitud[i])-0.3460268000000042)\n"]},{"output_type":"error","ename":"ValueError","evalue":"ignored","traceback":["\u001b[0;31m---------------------------------------------------------------------------\u001b[0m","\u001b[0;31mValueError\u001b[0m                                Traceback (most recent call last)","\u001b[0;32m<ipython-input-49-cc1f6dc1d7d5>\u001b[0m in \u001b[0;36m<module>\u001b[0;34m\u001b[0m\n\u001b[0;32m----> 1\u001b[0;31m \u001b[0mstr\u001b[0m\u001b[0;34m(\u001b[0m\u001b[0mnp\u001b[0m\u001b[0;34m.\u001b[0m\u001b[0mfloat\u001b[0m\u001b[0;34m(\u001b[0m\u001b[0mdf\u001b[0m\u001b[0;34m.\u001b[0m\u001b[0mLongitud\u001b[0m\u001b[0;34m[\u001b[0m\u001b[0mi\u001b[0m\u001b[0;34m]\u001b[0m\u001b[0;34m)\u001b[0m\u001b[0;34m-\u001b[0m\u001b[0;36m0.3460268000000042\u001b[0m\u001b[0;34m)\u001b[0m\u001b[0;34m\u001b[0m\u001b[0;34m\u001b[0m\u001b[0m\n\u001b[0m","\u001b[0;31mValueError\u001b[0m: could not convert string to float: '-71,93833'"]}]},{"cell_type":"code","source":["['POINT ('+str(df.Longitud[i]-0.3460268000000042)+' '+str(df.Latitud[i]-0.4281763999999999)+')']"],"metadata":{"colab":{"base_uri":"https://localhost:8080/","height":165},"id":"j6pgEhtV_vnP","executionInfo":{"status":"error","timestamp":1674768764438,"user_tz":300,"elapsed":6,"user":{"displayName":"Frank Yezid Zapata Castaño","userId":"07198202338059817554"}},"outputId":"cd32fac4-78cf-4671-8e4c-2cf03b4f9d70"},"execution_count":29,"outputs":[{"output_type":"error","ename":"TypeError","evalue":"ignored","traceback":["\u001b[0;31m---------------------------------------------------------------------------\u001b[0m","\u001b[0;31mTypeError\u001b[0m                                 Traceback (most recent call last)","\u001b[0;32m<ipython-input-29-755772418c79>\u001b[0m in \u001b[0;36m<module>\u001b[0;34m\u001b[0m\n\u001b[0;32m----> 1\u001b[0;31m \u001b[0;34m[\u001b[0m\u001b[0;34m'POINT ('\u001b[0m\u001b[0;34m+\u001b[0m\u001b[0mstr\u001b[0m\u001b[0;34m(\u001b[0m\u001b[0mdf\u001b[0m\u001b[0;34m.\u001b[0m\u001b[0mLongitud\u001b[0m\u001b[0;34m[\u001b[0m\u001b[0mi\u001b[0m\u001b[0;34m]\u001b[0m\u001b[0;34m-\u001b[0m\u001b[0;36m0.3460268000000042\u001b[0m\u001b[0;34m)\u001b[0m\u001b[0;34m+\u001b[0m\u001b[0;34m' '\u001b[0m\u001b[0;34m+\u001b[0m\u001b[0mstr\u001b[0m\u001b[0;34m(\u001b[0m\u001b[0mdf\u001b[0m\u001b[0;34m.\u001b[0m\u001b[0mLatitud\u001b[0m\u001b[0;34m[\u001b[0m\u001b[0mi\u001b[0m\u001b[0;34m]\u001b[0m\u001b[0;34m-\u001b[0m\u001b[0;36m0.4281763999999999\u001b[0m\u001b[0;34m)\u001b[0m\u001b[0;34m+\u001b[0m\u001b[0;34m')'\u001b[0m\u001b[0;34m]\u001b[0m\u001b[0;34m\u001b[0m\u001b[0;34m\u001b[0m\u001b[0m\n\u001b[0m","\u001b[0;31mTypeError\u001b[0m: unsupported operand type(s) for -: 'str' and 'float'"]}]},{"cell_type":"code","source":["df_ = pd.DataFrame()\n","df_['WTK'] = []\n","df_['nombre'] = []\n","df_['descripciÃ³n'] = []\n","for i in range(1):#df.shape[0]):\n","  df_['WTK'].iloc[i] = 'POINT ('+str(df.Longitud-0.3460268000000042)+' '+str(df.Latitud-0.4281763999999999)+')'\n","  df_['nombre'].append(df['Departamentos'][i])\n","  df_['descripciÃ³n'].append('Cantidad '+str(df['Valores']))"],"metadata":{"colab":{"base_uri":"https://localhost:8080/","height":432},"id":"wQNMwfiy9AKO","executionInfo":{"status":"error","timestamp":1674768732802,"user_tz":300,"elapsed":493,"user":{"displayName":"Frank Yezid Zapata Castaño","userId":"07198202338059817554"}},"outputId":"be09fd6e-13f3-49af-b438-4b63f83255d3"},"execution_count":26,"outputs":[{"output_type":"error","ename":"TypeError","evalue":"ignored","traceback":["\u001b[0;31m---------------------------------------------------------------------------\u001b[0m","\u001b[0;31mTypeError\u001b[0m                                 Traceback (most recent call last)","\u001b[0;32m/usr/local/lib/python3.8/dist-packages/pandas/core/ops/array_ops.py\u001b[0m in \u001b[0;36m_na_arithmetic_op\u001b[0;34m(left, right, op, is_cmp)\u001b[0m\n\u001b[1;32m    165\u001b[0m     \u001b[0;32mtry\u001b[0m\u001b[0;34m:\u001b[0m\u001b[0;34m\u001b[0m\u001b[0;34m\u001b[0m\u001b[0m\n\u001b[0;32m--> 166\u001b[0;31m         \u001b[0mresult\u001b[0m \u001b[0;34m=\u001b[0m \u001b[0mfunc\u001b[0m\u001b[0;34m(\u001b[0m\u001b[0mleft\u001b[0m\u001b[0;34m,\u001b[0m \u001b[0mright\u001b[0m\u001b[0;34m)\u001b[0m\u001b[0;34m\u001b[0m\u001b[0;34m\u001b[0m\u001b[0m\n\u001b[0m\u001b[1;32m    167\u001b[0m     \u001b[0;32mexcept\u001b[0m \u001b[0mTypeError\u001b[0m\u001b[0;34m:\u001b[0m\u001b[0;34m\u001b[0m\u001b[0;34m\u001b[0m\u001b[0m\n","\u001b[0;32m/usr/local/lib/python3.8/dist-packages/pandas/core/computation/expressions.py\u001b[0m in \u001b[0;36mevaluate\u001b[0;34m(op, a, b, use_numexpr)\u001b[0m\n\u001b[1;32m    238\u001b[0m             \u001b[0;31m# error: \"None\" not callable\u001b[0m\u001b[0;34m\u001b[0m\u001b[0;34m\u001b[0m\u001b[0;34m\u001b[0m\u001b[0m\n\u001b[0;32m--> 239\u001b[0;31m             \u001b[0;32mreturn\u001b[0m \u001b[0m_evaluate\u001b[0m\u001b[0;34m(\u001b[0m\u001b[0mop\u001b[0m\u001b[0;34m,\u001b[0m \u001b[0mop_str\u001b[0m\u001b[0;34m,\u001b[0m \u001b[0ma\u001b[0m\u001b[0;34m,\u001b[0m \u001b[0mb\u001b[0m\u001b[0;34m)\u001b[0m  \u001b[0;31m# type: ignore[misc]\u001b[0m\u001b[0;34m\u001b[0m\u001b[0;34m\u001b[0m\u001b[0m\n\u001b[0m\u001b[1;32m    240\u001b[0m     \u001b[0;32mreturn\u001b[0m \u001b[0m_evaluate_standard\u001b[0m\u001b[0;34m(\u001b[0m\u001b[0mop\u001b[0m\u001b[0;34m,\u001b[0m \u001b[0mop_str\u001b[0m\u001b[0;34m,\u001b[0m \u001b[0ma\u001b[0m\u001b[0;34m,\u001b[0m \u001b[0mb\u001b[0m\u001b[0;34m)\u001b[0m\u001b[0;34m\u001b[0m\u001b[0;34m\u001b[0m\u001b[0m\n","\u001b[0;32m/usr/local/lib/python3.8/dist-packages/pandas/core/computation/expressions.py\u001b[0m in \u001b[0;36m_evaluate_numexpr\u001b[0;34m(op, op_str, a, b)\u001b[0m\n\u001b[1;32m    127\u001b[0m     \u001b[0;32mif\u001b[0m \u001b[0mresult\u001b[0m \u001b[0;32mis\u001b[0m \u001b[0;32mNone\u001b[0m\u001b[0;34m:\u001b[0m\u001b[0;34m\u001b[0m\u001b[0;34m\u001b[0m\u001b[0m\n\u001b[0;32m--> 128\u001b[0;31m         \u001b[0mresult\u001b[0m \u001b[0;34m=\u001b[0m \u001b[0m_evaluate_standard\u001b[0m\u001b[0;34m(\u001b[0m\u001b[0mop\u001b[0m\u001b[0;34m,\u001b[0m \u001b[0mop_str\u001b[0m\u001b[0;34m,\u001b[0m \u001b[0ma\u001b[0m\u001b[0;34m,\u001b[0m \u001b[0mb\u001b[0m\u001b[0;34m)\u001b[0m\u001b[0;34m\u001b[0m\u001b[0;34m\u001b[0m\u001b[0m\n\u001b[0m\u001b[1;32m    129\u001b[0m \u001b[0;34m\u001b[0m\u001b[0m\n","\u001b[0;32m/usr/local/lib/python3.8/dist-packages/pandas/core/computation/expressions.py\u001b[0m in \u001b[0;36m_evaluate_standard\u001b[0;34m(op, op_str, a, b)\u001b[0m\n\u001b[1;32m     68\u001b[0m         \u001b[0m_store_test_result\u001b[0m\u001b[0;34m(\u001b[0m\u001b[0;32mFalse\u001b[0m\u001b[0;34m)\u001b[0m\u001b[0;34m\u001b[0m\u001b[0;34m\u001b[0m\u001b[0m\n\u001b[0;32m---> 69\u001b[0;31m     \u001b[0;32mreturn\u001b[0m \u001b[0mop\u001b[0m\u001b[0;34m(\u001b[0m\u001b[0ma\u001b[0m\u001b[0;34m,\u001b[0m \u001b[0mb\u001b[0m\u001b[0;34m)\u001b[0m\u001b[0;34m\u001b[0m\u001b[0;34m\u001b[0m\u001b[0m\n\u001b[0m\u001b[1;32m     70\u001b[0m \u001b[0;34m\u001b[0m\u001b[0m\n","\u001b[0;31mTypeError\u001b[0m: unsupported operand type(s) for -: 'str' and 'float'","\nDuring handling of the above exception, another exception occurred:\n","\u001b[0;31mTypeError\u001b[0m                                 Traceback (most recent call last)","\u001b[0;32m<ipython-input-26-ba22782acfc8>\u001b[0m in \u001b[0;36m<module>\u001b[0;34m\u001b[0m\n\u001b[1;32m      4\u001b[0m \u001b[0mdf_\u001b[0m\u001b[0;34m[\u001b[0m\u001b[0;34m'descripciÃ³n'\u001b[0m\u001b[0;34m]\u001b[0m \u001b[0;34m=\u001b[0m \u001b[0;34m[\u001b[0m\u001b[0;34m]\u001b[0m\u001b[0;34m\u001b[0m\u001b[0;34m\u001b[0m\u001b[0m\n\u001b[1;32m      5\u001b[0m \u001b[0;32mfor\u001b[0m \u001b[0mi\u001b[0m \u001b[0;32min\u001b[0m \u001b[0mrange\u001b[0m\u001b[0;34m(\u001b[0m\u001b[0;36m1\u001b[0m\u001b[0;34m)\u001b[0m\u001b[0;34m:\u001b[0m\u001b[0;31m#df.shape[0]):\u001b[0m\u001b[0;34m\u001b[0m\u001b[0;34m\u001b[0m\u001b[0m\n\u001b[0;32m----> 6\u001b[0;31m   \u001b[0mdf_\u001b[0m\u001b[0;34m[\u001b[0m\u001b[0;34m'WTK'\u001b[0m\u001b[0;34m]\u001b[0m\u001b[0;34m.\u001b[0m\u001b[0miloc\u001b[0m\u001b[0;34m[\u001b[0m\u001b[0mi\u001b[0m\u001b[0;34m]\u001b[0m \u001b[0;34m=\u001b[0m \u001b[0;34m(\u001b[0m\u001b[0;34m'POINT ('\u001b[0m\u001b[0;34m+\u001b[0m\u001b[0mstr\u001b[0m\u001b[0;34m(\u001b[0m\u001b[0mdf\u001b[0m\u001b[0;34m.\u001b[0m\u001b[0mLongitud\u001b[0m\u001b[0;34m-\u001b[0m\u001b[0;36m0.3460268000000042\u001b[0m\u001b[0;34m)\u001b[0m\u001b[0;34m+\u001b[0m\u001b[0;34m' '\u001b[0m\u001b[0;34m+\u001b[0m\u001b[0mstr\u001b[0m\u001b[0;34m(\u001b[0m\u001b[0mdf\u001b[0m\u001b[0;34m.\u001b[0m\u001b[0mLatitud\u001b[0m\u001b[0;34m-\u001b[0m\u001b[0;36m0.4281763999999999\u001b[0m\u001b[0;34m)\u001b[0m\u001b[0;34m+\u001b[0m\u001b[0;34m')'\u001b[0m\u001b[0;34m)\u001b[0m\u001b[0;34m\u001b[0m\u001b[0;34m\u001b[0m\u001b[0m\n\u001b[0m\u001b[1;32m      7\u001b[0m   \u001b[0mdf_\u001b[0m\u001b[0;34m[\u001b[0m\u001b[0;34m'nombre'\u001b[0m\u001b[0;34m]\u001b[0m\u001b[0;34m.\u001b[0m\u001b[0mappend\u001b[0m\u001b[0;34m(\u001b[0m\u001b[0mdf\u001b[0m\u001b[0;34m[\u001b[0m\u001b[0;34m'Departamentos'\u001b[0m\u001b[0;34m]\u001b[0m\u001b[0;34m[\u001b[0m\u001b[0mi\u001b[0m\u001b[0;34m]\u001b[0m\u001b[0;34m)\u001b[0m\u001b[0;34m\u001b[0m\u001b[0;34m\u001b[0m\u001b[0m\n\u001b[1;32m      8\u001b[0m   \u001b[0mdf_\u001b[0m\u001b[0;34m[\u001b[0m\u001b[0;34m'descripciÃ³n'\u001b[0m\u001b[0;34m]\u001b[0m\u001b[0;34m.\u001b[0m\u001b[0mappend\u001b[0m\u001b[0;34m(\u001b[0m\u001b[0;34m'Cantidad '\u001b[0m\u001b[0;34m+\u001b[0m\u001b[0mstr\u001b[0m\u001b[0;34m(\u001b[0m\u001b[0mdf\u001b[0m\u001b[0;34m[\u001b[0m\u001b[0;34m'Valores'\u001b[0m\u001b[0;34m]\u001b[0m\u001b[0;34m)\u001b[0m\u001b[0;34m)\u001b[0m\u001b[0;34m\u001b[0m\u001b[0;34m\u001b[0m\u001b[0m\n","\u001b[0;32m/usr/local/lib/python3.8/dist-packages/pandas/core/ops/common.py\u001b[0m in \u001b[0;36mnew_method\u001b[0;34m(self, other)\u001b[0m\n\u001b[1;32m     67\u001b[0m         \u001b[0mother\u001b[0m \u001b[0;34m=\u001b[0m \u001b[0mitem_from_zerodim\u001b[0m\u001b[0;34m(\u001b[0m\u001b[0mother\u001b[0m\u001b[0;34m)\u001b[0m\u001b[0;34m\u001b[0m\u001b[0;34m\u001b[0m\u001b[0m\n\u001b[1;32m     68\u001b[0m \u001b[0;34m\u001b[0m\u001b[0m\n\u001b[0;32m---> 69\u001b[0;31m         \u001b[0;32mreturn\u001b[0m \u001b[0mmethod\u001b[0m\u001b[0;34m(\u001b[0m\u001b[0mself\u001b[0m\u001b[0;34m,\u001b[0m \u001b[0mother\u001b[0m\u001b[0;34m)\u001b[0m\u001b[0;34m\u001b[0m\u001b[0;34m\u001b[0m\u001b[0m\n\u001b[0m\u001b[1;32m     70\u001b[0m \u001b[0;34m\u001b[0m\u001b[0m\n\u001b[1;32m     71\u001b[0m     \u001b[0;32mreturn\u001b[0m \u001b[0mnew_method\u001b[0m\u001b[0;34m\u001b[0m\u001b[0;34m\u001b[0m\u001b[0m\n","\u001b[0;32m/usr/local/lib/python3.8/dist-packages/pandas/core/arraylike.py\u001b[0m in \u001b[0;36m__sub__\u001b[0;34m(self, other)\u001b[0m\n\u001b[1;32m     98\u001b[0m     \u001b[0;34m@\u001b[0m\u001b[0munpack_zerodim_and_defer\u001b[0m\u001b[0;34m(\u001b[0m\u001b[0;34m\"__sub__\"\u001b[0m\u001b[0;34m)\u001b[0m\u001b[0;34m\u001b[0m\u001b[0;34m\u001b[0m\u001b[0m\n\u001b[1;32m     99\u001b[0m     \u001b[0;32mdef\u001b[0m \u001b[0m__sub__\u001b[0m\u001b[0;34m(\u001b[0m\u001b[0mself\u001b[0m\u001b[0;34m,\u001b[0m \u001b[0mother\u001b[0m\u001b[0;34m)\u001b[0m\u001b[0;34m:\u001b[0m\u001b[0;34m\u001b[0m\u001b[0;34m\u001b[0m\u001b[0m\n\u001b[0;32m--> 100\u001b[0;31m         \u001b[0;32mreturn\u001b[0m \u001b[0mself\u001b[0m\u001b[0;34m.\u001b[0m\u001b[0m_arith_method\u001b[0m\u001b[0;34m(\u001b[0m\u001b[0mother\u001b[0m\u001b[0;34m,\u001b[0m \u001b[0moperator\u001b[0m\u001b[0;34m.\u001b[0m\u001b[0msub\u001b[0m\u001b[0;34m)\u001b[0m\u001b[0;34m\u001b[0m\u001b[0;34m\u001b[0m\u001b[0m\n\u001b[0m\u001b[1;32m    101\u001b[0m \u001b[0;34m\u001b[0m\u001b[0m\n\u001b[1;32m    102\u001b[0m     \u001b[0;34m@\u001b[0m\u001b[0munpack_zerodim_and_defer\u001b[0m\u001b[0;34m(\u001b[0m\u001b[0;34m\"__rsub__\"\u001b[0m\u001b[0;34m)\u001b[0m\u001b[0;34m\u001b[0m\u001b[0;34m\u001b[0m\u001b[0m\n","\u001b[0;32m/usr/local/lib/python3.8/dist-packages/pandas/core/series.py\u001b[0m in \u001b[0;36m_arith_method\u001b[0;34m(self, other, op)\u001b[0m\n\u001b[1;32m   5524\u001b[0m \u001b[0;34m\u001b[0m\u001b[0m\n\u001b[1;32m   5525\u001b[0m         \u001b[0;32mwith\u001b[0m \u001b[0mnp\u001b[0m\u001b[0;34m.\u001b[0m\u001b[0merrstate\u001b[0m\u001b[0;34m(\u001b[0m\u001b[0mall\u001b[0m\u001b[0;34m=\u001b[0m\u001b[0;34m\"ignore\"\u001b[0m\u001b[0;34m)\u001b[0m\u001b[0;34m:\u001b[0m\u001b[0;34m\u001b[0m\u001b[0;34m\u001b[0m\u001b[0m\n\u001b[0;32m-> 5526\u001b[0;31m             \u001b[0mresult\u001b[0m \u001b[0;34m=\u001b[0m \u001b[0mops\u001b[0m\u001b[0;34m.\u001b[0m\u001b[0marithmetic_op\u001b[0m\u001b[0;34m(\u001b[0m\u001b[0mlvalues\u001b[0m\u001b[0;34m,\u001b[0m \u001b[0mrvalues\u001b[0m\u001b[0;34m,\u001b[0m \u001b[0mop\u001b[0m\u001b[0;34m)\u001b[0m\u001b[0;34m\u001b[0m\u001b[0;34m\u001b[0m\u001b[0m\n\u001b[0m\u001b[1;32m   5527\u001b[0m \u001b[0;34m\u001b[0m\u001b[0m\n\u001b[1;32m   5528\u001b[0m         \u001b[0;32mreturn\u001b[0m \u001b[0mself\u001b[0m\u001b[0;34m.\u001b[0m\u001b[0m_construct_result\u001b[0m\u001b[0;34m(\u001b[0m\u001b[0mresult\u001b[0m\u001b[0;34m,\u001b[0m \u001b[0mname\u001b[0m\u001b[0;34m=\u001b[0m\u001b[0mres_name\u001b[0m\u001b[0;34m)\u001b[0m\u001b[0;34m\u001b[0m\u001b[0;34m\u001b[0m\u001b[0m\n","\u001b[0;32m/usr/local/lib/python3.8/dist-packages/pandas/core/ops/array_ops.py\u001b[0m in \u001b[0;36marithmetic_op\u001b[0;34m(left, right, op)\u001b[0m\n\u001b[1;32m    222\u001b[0m         \u001b[0m_bool_arith_check\u001b[0m\u001b[0;34m(\u001b[0m\u001b[0mop\u001b[0m\u001b[0;34m,\u001b[0m \u001b[0mleft\u001b[0m\u001b[0;34m,\u001b[0m \u001b[0mright\u001b[0m\u001b[0;34m)\u001b[0m\u001b[0;34m\u001b[0m\u001b[0;34m\u001b[0m\u001b[0m\n\u001b[1;32m    223\u001b[0m \u001b[0;34m\u001b[0m\u001b[0m\n\u001b[0;32m--> 224\u001b[0;31m         \u001b[0mres_values\u001b[0m \u001b[0;34m=\u001b[0m \u001b[0m_na_arithmetic_op\u001b[0m\u001b[0;34m(\u001b[0m\u001b[0mleft\u001b[0m\u001b[0;34m,\u001b[0m \u001b[0mright\u001b[0m\u001b[0;34m,\u001b[0m \u001b[0mop\u001b[0m\u001b[0;34m)\u001b[0m\u001b[0;34m\u001b[0m\u001b[0;34m\u001b[0m\u001b[0m\n\u001b[0m\u001b[1;32m    225\u001b[0m \u001b[0;34m\u001b[0m\u001b[0m\n\u001b[1;32m    226\u001b[0m     \u001b[0;32mreturn\u001b[0m \u001b[0mres_values\u001b[0m\u001b[0;34m\u001b[0m\u001b[0;34m\u001b[0m\u001b[0m\n","\u001b[0;32m/usr/local/lib/python3.8/dist-packages/pandas/core/ops/array_ops.py\u001b[0m in \u001b[0;36m_na_arithmetic_op\u001b[0;34m(left, right, op, is_cmp)\u001b[0m\n\u001b[1;32m    171\u001b[0m             \u001b[0;31m# Don't do this for comparisons, as that will handle complex numbers\u001b[0m\u001b[0;34m\u001b[0m\u001b[0;34m\u001b[0m\u001b[0;34m\u001b[0m\u001b[0m\n\u001b[1;32m    172\u001b[0m             \u001b[0;31m#  incorrectly, see GH#32047\u001b[0m\u001b[0;34m\u001b[0m\u001b[0;34m\u001b[0m\u001b[0;34m\u001b[0m\u001b[0m\n\u001b[0;32m--> 173\u001b[0;31m             \u001b[0mresult\u001b[0m \u001b[0;34m=\u001b[0m \u001b[0m_masked_arith_op\u001b[0m\u001b[0;34m(\u001b[0m\u001b[0mleft\u001b[0m\u001b[0;34m,\u001b[0m \u001b[0mright\u001b[0m\u001b[0;34m,\u001b[0m \u001b[0mop\u001b[0m\u001b[0;34m)\u001b[0m\u001b[0;34m\u001b[0m\u001b[0;34m\u001b[0m\u001b[0m\n\u001b[0m\u001b[1;32m    174\u001b[0m         \u001b[0;32melse\u001b[0m\u001b[0;34m:\u001b[0m\u001b[0;34m\u001b[0m\u001b[0;34m\u001b[0m\u001b[0m\n\u001b[1;32m    175\u001b[0m             \u001b[0;32mraise\u001b[0m\u001b[0;34m\u001b[0m\u001b[0;34m\u001b[0m\u001b[0m\n","\u001b[0;32m/usr/local/lib/python3.8/dist-packages/pandas/core/ops/array_ops.py\u001b[0m in \u001b[0;36m_masked_arith_op\u001b[0;34m(x, y, op)\u001b[0m\n\u001b[1;32m    129\u001b[0m \u001b[0;34m\u001b[0m\u001b[0m\n\u001b[1;32m    130\u001b[0m         \u001b[0;32mif\u001b[0m \u001b[0mmask\u001b[0m\u001b[0;34m.\u001b[0m\u001b[0many\u001b[0m\u001b[0;34m(\u001b[0m\u001b[0;34m)\u001b[0m\u001b[0;34m:\u001b[0m\u001b[0;34m\u001b[0m\u001b[0;34m\u001b[0m\u001b[0m\n\u001b[0;32m--> 131\u001b[0;31m             \u001b[0mresult\u001b[0m\u001b[0;34m[\u001b[0m\u001b[0mmask\u001b[0m\u001b[0;34m]\u001b[0m \u001b[0;34m=\u001b[0m \u001b[0mop\u001b[0m\u001b[0;34m(\u001b[0m\u001b[0mxrav\u001b[0m\u001b[0;34m[\u001b[0m\u001b[0mmask\u001b[0m\u001b[0;34m]\u001b[0m\u001b[0;34m,\u001b[0m \u001b[0my\u001b[0m\u001b[0;34m)\u001b[0m\u001b[0;34m\u001b[0m\u001b[0;34m\u001b[0m\u001b[0m\n\u001b[0m\u001b[1;32m    132\u001b[0m \u001b[0;34m\u001b[0m\u001b[0m\n\u001b[1;32m    133\u001b[0m     \u001b[0mnp\u001b[0m\u001b[0;34m.\u001b[0m\u001b[0mputmask\u001b[0m\u001b[0;34m(\u001b[0m\u001b[0mresult\u001b[0m\u001b[0;34m,\u001b[0m \u001b[0;34m~\u001b[0m\u001b[0mmask\u001b[0m\u001b[0;34m,\u001b[0m \u001b[0mnp\u001b[0m\u001b[0;34m.\u001b[0m\u001b[0mnan\u001b[0m\u001b[0;34m)\u001b[0m\u001b[0;34m\u001b[0m\u001b[0;34m\u001b[0m\u001b[0m\n","\u001b[0;31mTypeError\u001b[0m: unsupported operand type(s) for -: 'str' and 'float'"]}]},{"cell_type":"code","source":["df_.to_csv('data_mapa.csv')"],"metadata":{"colab":{"base_uri":"https://localhost:8080/"},"id":"_4b92pce-hr2","executionInfo":{"status":"ok","timestamp":1674768433596,"user_tz":300,"elapsed":13,"user":{"displayName":"Frank Yezid Zapata Castaño","userId":"07198202338059817554"}},"outputId":"f0d308cb-ea32-416d-e78a-0e60749948d4"},"execution_count":20,"outputs":[{"output_type":"stream","name":"stdout","text":["sample_data\n"]}]}]}